2023-01-25 08:43:39.381; GET Exception! EAccessViolation: Access violation at address 00407116 in module 'RtcControl.exe'. Write of address 0647B300
2023-01-25 08:43:39.640; GET Exception! EAccessViolation: Access violation at address 00407116 in module 'RtcControl.exe'. Write of address 064E2C70
2023-01-25 08:43:39.686; GET Exception! EAccessViolation: Access violation at address 00407116 in module 'RtcControl.exe'. Write of address 064E50D0
2023-01-25 18:09:17.772; GET Exception! EAccessViolation: Access violation at address 00407106 in module 'RtcControl.exe'. Read of address 7F871008
2023-01-25 18:09:17.991; GET Exception! EAccessViolation: Access violation at address 00407106 in module 'RtcControl.exe'. Read of address 04699128
2023-01-25 18:09:18.254; GET Exception! EAccessViolation: Access violation at address 00407106 in module 'RtcControl.exe'. Read of address 7F430808
2023-01-25 18:09:19.068; GET Exception! EAccessViolation: Access violation at address 00407106 in module 'RtcControl.exe'. Read of address 7DAE1008
2023-01-25 18:09:19.569; GET Exception! EAccessViolation: Access violation at address 00407106 in module 'RtcControl.exe'. Read of address 7DBC0808
2023-01-25 19:29:24.724; GET Exception! EAccessViolation: Access violation at address 00407106 in module 'RtcControl.exe'. Read of address 04698D68
2023-01-25 19:29:25.147; GET Exception! EAccessViolation: Access violation at address 00407106 in module 'RtcControl.exe'. Read of address 04698208
2023-01-25 19:29:26.084; GET Exception! EAccessViolation: Access violation at address 00407106 in module 'RtcControl.exe'. Read of address 046992D8
2023-01-25 19:29:26.514; GET Exception! EAccessViolation: Access violation at address 00407106 in module 'RtcControl.exe'. Read of address 04698CA8
2023-01-25 19:29:27.350; GET Exception! EAccessViolation: Access violation at address 00407106 in module 'RtcControl.exe'. Read of address 04698CA8
2023-01-25 19:29:27.802; GET Exception! EAccessViolation: Access violation at address 00407106 in module 'RtcControl.exe'. Read of address 04699238
2023-01-25 19:29:43.709; GET Exception! EAccessViolation: Access violation at address 00407106 in module 'RtcControl.exe'. Read of address 04698B68
2023-01-25 19:29:44.116; GET Exception! EAccessViolation: Access violation at address 00407106 in module 'RtcControl.exe'. Read of address 04698260
2023-01-25 19:29:44.771; GET Exception! EAccessViolation: Access violation at address 00407106 in module 'RtcControl.exe'. Read of address 04698FC0
2023-01-25 19:29:45.564; GET Exception! EAccessViolation: Access violation at address 00407106 in module 'RtcControl.exe'. Read of address 04698A3C
2023-01-25 19:29:45.880; GET Exception! EAccessViolation: Access violation at address 00407106 in module 'RtcControl.exe'. Read of address 04698A3C
2023-01-25 19:29:46.490; GET Exception! EAccessViolation: Access violation at address 00407106 in module 'RtcControl.exe'. Read of address 04698A3C
2023-01-25 19:29:47.458; GET Exception! EAccessViolation: Access violation at address 00407106 in module 'RtcControl.exe'. Read of address 04698A3C
2023-01-25 19:29:48.787; GET Exception! EAccessViolation: Access violation at address 00407106 in module 'RtcControl.exe'. Read of address 04698FC0
2023-01-25 19:29:49.787; GET Exception! EAccessViolation: Access violation at address 00407106 in module 'RtcControl.exe'. Read of address 04698FC0
2023-01-25 19:29:50.865; GET Exception! EAccessViolation: Access violation at address 00407106 in module 'RtcControl.exe'. Read of address 04698498
2023-01-25 19:29:51.802; GET Exception! EAccessViolation: Access violation at address 00407106 in module 'RtcControl.exe'. Read of address 04698FC0
2023-01-25 19:29:52.896; GET Exception! EAccessViolation: Access violation at address 00407106 in module 'RtcControl.exe'. Read of address 04698498
2023-01-25 19:29:53.802; GET Exception! EAccessViolation: Access violation at address 00407106 in module 'RtcControl.exe'. Read of address 04698A3C
2023-01-25 19:29:54.716; GET Exception! EAccessViolation: Access violation at address 00407106 in module 'RtcControl.exe'. Read of address 04698A3C
2023-01-25 19:33:31.149; GET Exception! EAccessViolation: Access violation at address 00407106 in module 'RtcControl.exe'. Read of address 04698A3C
2023-01-25 19:33:40.741; GET Exception! EAccessViolation: Access violation at address 00407106 in module 'RtcControl.exe'. Read of address 04698B68
2023-01-25 19:33:41.281; GET Exception! EAccessViolation: Access violation at address 00407106 in module 'RtcControl.exe'. Read of address 04698B68
2023-01-25 19:33:42.321; GET Exception! EAccessViolation: Access violation at address 00407106 in module 'RtcControl.exe'. Read of address 04699188
2023-01-25 19:33:43.170; GET Exception! EAccessViolation: Access violation at address 00407106 in module 'RtcControl.exe'. Read of address 04698468
2023-01-25 19:33:43.906; GET Exception! EAccessViolation: Access violation at address 00407106 in module 'RtcControl.exe'. Read of address 04698168
2023-01-25 19:33:50.865; GET Exception! EAccessViolation: Access violation at address 00407106 in module 'RtcControl.exe'. Read of address 04698D88
2023-01-25 19:33:51.283; GET Exception! EAccessViolation: Access violation at address 00407106 in module 'RtcControl.exe'. Read of address 04698B88
2023-01-25 19:33:52.138; GET Exception! EAccessViolation: Access violation at address 00407106 in module 'RtcControl.exe'. Read of address 046985E8
2023-01-25 19:33:52.568; GET Exception! EAccessViolation: Access violation at address 00407106 in module 'RtcControl.exe'. Read of address 04699248
2023-01-25 19:33:53.330; GET Exception! EAccessViolation: Access violation at address 00407106 in module 'RtcControl.exe'. Read of address 04698E48
2023-01-25 19:33:53.750; GET Exception! EAccessViolation: Access violation at address 00407106 in module 'RtcControl.exe'. Read of address 04698828
2023-01-25 19:33:54.475; GET Exception! EAccessViolation: Access violation at address 00407106 in module 'RtcControl.exe'. Read of address 04698188
2023-01-25 19:33:54.881; GET Exception! EAccessViolation: Access violation at address 00407106 in module 'RtcControl.exe'. Read of address 04698988
2023-01-25 19:33:58.158; GET Exception! EAccessViolation: Access violation at address 00407106 in module 'RtcControl.exe'. Read of address 04698E28
2023-01-25 19:33:58.553; GET Exception! EAccessViolation: Access violation at address 00407106 in module 'RtcControl.exe'. Read of address 04698E28
2023-01-25 22:48:59.473; GET Exception! EAccessViolation: Access violation at address 00407106 in module 'RtcControl.exe'. Read of address 046E9008
2023-01-25 22:49:00.418; GET Exception! EAccessViolation: Access violation at address 00407106 in module 'RtcControl.exe'. Read of address 046E8728
2023-01-25 22:50:05.512; GET Exception! EAccessViolation: Access violation at address 00407106 in module 'RtcControl.exe'. Read of address 04699118
2023-01-25 22:50:05.887; GET Exception! EAccessViolation: Access violation at address 00407106 in module 'RtcControl.exe'. Read of address 04698DE8
2023-01-25 22:50:55.224; GET Exception! EAccessViolation: Access violation at address 00407106 in module 'RtcControl.exe'. Read of address 04699008
2023-01-25 22:50:55.621; GET Exception! EAccessViolation: Access violation at address 00407106 in module 'RtcControl.exe'. Read of address 05470858
2023-01-25 22:50:56.422; GET Exception! EAccessViolation: Access violation at address 00407106 in module 'RtcControl.exe'. Read of address 054713B8
2023-01-25 22:50:56.809; GET Exception! EAccessViolation: Access violation at address 00407106 in module 'RtcControl.exe'. Read of address 05470988
2023-01-26 12:05:24.364; GET Exception! EAccessViolation: Access violation at address 00407116 in module 'RtcControl.exe'. Write of address 062DD940
2023-01-26 12:05:26.999; GET Exception! EAccessViolation: Access violation at address 00407116 in module 'RtcControl.exe'. Write of address 062DD890
2023-01-26 12:05:35.472; GET Exception! EAccessViolation: Access violation at address 00407116 in module 'RtcControl.exe'. Write of address 062DD890
2023-01-27 12:52:18.259; GET Exception! EAccessViolation: Access violation at address 00407116 in module 'RtcControl.exe'. Write of address 062900E8
2023-01-27 12:52:18.353; GET Exception! EAccessViolation: Access violation at address 00407116 in module 'RtcControl.exe'. Write of address 062978C8
2023-01-27 12:52:18.431; GET Exception! EAccessViolation: Access violation at address 00407116 in module 'RtcControl.exe'. Write of address 06701868
2023-01-27 12:52:18.587; GET Exception! EAccessViolation: Access violation at address 00407116 in module 'RtcControl.exe'. Write of address 062B3060
2023-01-27 12:52:19.087; GET Exception! EAccessViolation: Access violation at address 00407116 in module 'RtcControl.exe'. Write of address 062C5C40
2023-01-27 12:52:19.197; GET Exception! EAccessViolation: Access violation at address 00407116 in module 'RtcControl.exe'. Write of address 062D1028
2023-01-27 12:52:19.212; GET Exception! EAccessViolation: Access violation at address 00407116 in module 'RtcControl.exe'. Write of address 062D4C20
2023-01-27 12:52:19.244; GET Exception! EAccessViolation: Access violation at address 00407116 in module 'RtcControl.exe'. Write of address 062E1408
2023-01-27 12:52:19.306; GET Exception! EAccessViolation: Access violation at address 00407116 in module 'RtcControl.exe'. Write of address 0673B008
2023-01-27 12:52:19.353; GET Exception! EAccessViolation: Access violation at address 00407116 in module 'RtcControl.exe'. Write of address 06742808
2023-01-27 12:52:20.806; GET Exception! EAccessViolation: Access violation at address 00407116 in module 'RtcControl.exe'. Write of address 0634A408
2023-01-27 12:52:41.792; GET Exception! EAccessViolation: Access violation at address 00407116 in module 'RtcControl.exe'. Write of address 06435408
2023-01-27 12:52:42.308; GET Exception! EAccessViolation: Access violation at address 00407116 in module 'RtcControl.exe'. Write of address 063A6C08
2023-01-27 12:52:42.370; GET Exception! EAccessViolation: Access violation at address 00407116 in module 'RtcControl.exe'. Write of address 06395408
2023-01-27 12:52:44.777; GET Exception! EAccessViolation: Access violation at address 00407116 in module 'RtcControl.exe'. Write of address 0638B408
2023-01-27 12:52:44.902; GET Exception! EAccessViolation: Access violation at address 00407116 in module 'RtcControl.exe'. Write of address 06382808
2023-01-27 12:52:44.996; GET Exception! EAccessViolation: Access violation at address 00407116 in module 'RtcControl.exe'. Write of address 06381408
2023-01-27 12:52:45.105; GET Exception! EAccessViolation: Access violation at address 00407116 in module 'RtcControl.exe'. Write of address 06378808
2023-01-27 12:52:45.230; GET Exception! EAccessViolation: Access violation at address 00407116 in module 'RtcControl.exe'. Write of address 06374C08
2023-01-27 12:52:45.339; GET Exception! EAccessViolation: Access violation at address 00407116 in module 'RtcControl.exe'. Write of address 0636C008
2023-01-27 12:52:49.074; GET Exception! EAccessViolation: Access violation at address 00407116 in module 'RtcControl.exe'. Write of address 0636C008
2023-01-27 12:52:49.465; GET Exception! EAccessViolation: Access violation at address 00407116 in module 'RtcControl.exe'. Write of address 06364808
2023-01-27 12:52:49.605; GET Exception! EAccessViolation: Access violation at address 00407116 in module 'RtcControl.exe'. Write of address 0635A808
2023-01-27 12:52:49.824; GET Exception! EAccessViolation: Access violation at address 00407116 in module 'RtcControl.exe'. Write of address 0634B808
2023-01-27 12:52:49.934; GET Exception! EAccessViolation: Access violation at address 00407116 in module 'RtcControl.exe'. Write of address 06347C08
2023-01-27 12:52:50.059; GET Exception! EAccessViolation: Access violation at address 00407116 in module 'RtcControl.exe'. Write of address 06345408
2023-01-27 12:52:50.184; GET Exception! EAccessViolation: Access violation at address 00407116 in module 'RtcControl.exe'. Write of address 06344008
2023-01-27 12:52:52.715; GET Exception! EAccessViolation: Access violation at address 00407116 in module 'RtcControl.exe'. Write of address 0634E008
2023-01-27 12:52:58.637; GET Exception! EAccessViolation: Access violation at address 00407116 in module 'RtcControl.exe'. Write of address 06367008
2023-01-27 12:52:58.731; GET Exception! EAccessViolation: Access violation at address 00407116 in module 'RtcControl.exe'. Write of address 06358008
2023-01-27 12:53:00.784; GET Exception! EAccessViolation: Access violation at address 00407116 in module 'RtcControl.exe'. Write of address 062FE008
2023-01-27 12:53:02.630; GET Exception! EAccessViolation: Access violation at address 00407116 in module 'RtcControl.exe'. Write of address 062E7808
2023-01-27 12:53:04.302; GET Exception! EAccessViolation: Access violation at address 00407116 in module 'RtcControl.exe'. Write of address 06341808
2023-01-27 12:53:09.974; GET Exception! EAccessViolation: Access violation at address 00407116 in module 'RtcControl.exe'. Write of address 0638DC08
2023-01-27 12:53:16.678; GET Exception! EAccessViolation: Access violation at address 00407116 in module 'RtcControl.exe'. Write of address 0638A008
2023-01-27 12:53:16.771; GET Exception! EAccessViolation: Access violation at address 00407116 in module 'RtcControl.exe'. Write of address 0637EC08
2023-01-27 12:53:16.881; GET Exception! EAccessViolation: Access violation at address 00407116 in module 'RtcControl.exe'. Write of address 0637C408
2023-01-27 12:53:16.990; GET Exception! EAccessViolation: Access violation at address 00407116 in module 'RtcControl.exe'. Write of address 0637B008
2023-01-27 12:53:17.115; GET Exception! EAccessViolation: Access violation at address 00407116 in module 'RtcControl.exe'. Write of address 06377408
2023-01-27 12:53:17.225; GET Exception! EAccessViolation: Access violation at address 00407116 in module 'RtcControl.exe'. Write of address 06374C08
2023-01-27 12:53:17.334; GET Exception! EAccessViolation: Access violation at address 00407116 in module 'RtcControl.exe'. Write of address 06373808
2023-01-27 12:53:17.568; GET Exception! EAccessViolation: Access violation at address 00407116 in module 'RtcControl.exe'. Write of address 0636C008
2023-01-27 12:53:17.678; GET Exception! EAccessViolation: Access violation at address 00407116 in module 'RtcControl.exe'. Write of address 0635D008
2023-01-27 12:53:17.803; GET Exception! EAccessViolation: Access violation at address 00407116 in module 'RtcControl.exe'. Write of address 0635A808
2023-01-27 12:53:17.896; GET Exception! EAccessViolation: Access violation at address 00407116 in module 'RtcControl.exe'. Write of address 06354408
2023-01-27 12:53:18.100; GET Exception! EAccessViolation: Access violation at address 00407116 in module 'RtcControl.exe'. Write of address 06350808
2023-01-27 12:53:18.209; GET Exception! EAccessViolation: Access violation at address 00407116 in module 'RtcControl.exe'. Write of address 0633C808
2023-01-27 12:53:19.990; GET Exception! EAccessViolation: Access violation at address 00407116 in module 'RtcControl.exe'. Write of address 06381408
2023-01-27 12:53:20.100; GET Exception! EAccessViolation: Access violation at address 00407116 in module 'RtcControl.exe'. Write of address 0637C408
2023-01-27 12:53:22.600; GET Exception! EAccessViolation: Access violation at address 00407116 in module 'RtcControl.exe'. Write of address 06396808
2023-01-27 12:53:22.709; GET Exception! EAccessViolation: Access violation at address 00407116 in module 'RtcControl.exe'. Write of address 06392C08
2023-01-27 12:53:22.928; GET Exception! EAccessViolation: Access violation at address 00407116 in module 'RtcControl.exe'. Write of address 06369808
2023-01-27 12:53:28.725; GET Exception! EAccessViolation: Access violation at address 00407116 in module 'RtcControl.exe'. Write of address 062DD808
2023-01-27 12:53:29.085; GET Exception! EAccessViolation: Access violation at address 00407116 in module 'RtcControl.exe'. Write of address 062EDC08
2023-01-27 12:53:32.523; GET Exception! EAccessViolation: Access violation at address 00407116 in module 'RtcControl.exe'. Write of address 062C7008
2023-01-27 12:56:31.615; GET Exception! EAccessViolation: Access violation at address 00407116 in module 'RtcControl.exe'. Write of address 05F6B008
2023-01-27 12:56:31.755; GET Exception! EAccessViolation: Access violation at address 00407116 in module 'RtcControl.exe'. Write of address 05F53408
2023-01-27 12:56:31.880; GET Exception! EAccessViolation: Access violation at address 00407116 in module 'RtcControl.exe'. Write of address 05F4A808
2023-01-27 12:56:32.037; GET Exception! EAccessViolation: Access violation at address 00407116 in module 'RtcControl.exe'. Write of address 05F36808
2023-01-27 12:56:32.177; GET Exception! EAccessViolation: Access violation at address 00407116 in module 'RtcControl.exe'. Write of address 05F25008
2023-01-27 12:56:32.302; GET Exception! EAccessViolation: Access violation at address 00407116 in module 'RtcControl.exe'. Write of address 05F12408
2023-01-27 12:56:33.537; GET Exception! EAccessViolation: Access violation at address 00407116 in module 'RtcControl.exe'. Write of address 05FC2808
2023-01-27 12:56:33.631; GET Exception! EAccessViolation: Access violation at address 00407116 in module 'RtcControl.exe'. Write of address 05FC1408
2023-01-27 12:56:34.521; GET Exception! EAccessViolation: Access violation at address 00407116 in module 'RtcControl.exe'. Write of address 05FC0008
2023-01-27 12:56:34.646; GET Exception! EAccessViolation: Access violation at address 00407116 in module 'RtcControl.exe'. Write of address 05FBC408
2023-01-27 12:56:34.771; GET Exception! EAccessViolation: Access violation at address 00407116 in module 'RtcControl.exe'. Write of address 05FAAC08
2023-01-27 12:56:34.896; GET Exception! EAccessViolation: Access violation at address 00407116 in module 'RtcControl.exe'. Write of address 05FA7008
2023-01-27 12:56:40.427; GET Exception! EAccessViolation: Access violation at address 00407116 in module 'RtcControl.exe'. Write of address 06355B28
2023-01-27 12:56:43.864; GET Exception! EAccessViolation: Access violation at address 00407116 in module 'RtcControl.exe'. Write of address 060CCC08
2023-01-27 12:56:49.396; GET Exception! EAccessViolation: Access violation at address 00407116 in module 'RtcControl.exe'. Write of address 05F7A008
2023-01-27 12:56:49.646; GET Exception! EAccessViolation: Access violation at address 00407116 in module 'RtcControl.exe'. Write of address 05F54808
2023-01-27 12:56:49.771; GET Exception! EAccessViolation: Access violation at address 00407116 in module 'RtcControl.exe'. Write of address 05F44408
2023-01-27 12:56:49.881; GET Exception! EAccessViolation: Access violation at address 00407116 in module 'RtcControl.exe'. Write of address 05F3B808
2023-01-27 12:56:49.990; GET Exception! EAccessViolation: Access violation at address 00407116 in module 'RtcControl.exe'. Write of address 05F35408
2023-01-27 12:56:50.099; GET Exception! EAccessViolation: Access violation at address 00407116 in module 'RtcControl.exe'. Write of address 05F32C08
2023-01-27 12:56:51.271; GET Exception! EAccessViolation: Access violation at address 00407116 in module 'RtcControl.exe'. Write of address 05F3B808
2023-01-27 12:56:51.365; GET Exception! EAccessViolation: Access violation at address 00407116 in module 'RtcControl.exe'. Write of address 05F31808
2023-01-27 12:56:51.568; GET Exception! EAccessViolation: Access violation at address 00407116 in module 'RtcControl.exe'. Write of address 05F14C08
2023-01-27 12:56:51.631; GET Exception! EAccessViolation: Access violation at address 00407116 in module 'RtcControl.exe'. Write of address 05F07008
2023-01-27 12:56:53.646; GET Exception! EAccessViolation: Access violation at address 00407116 in module 'RtcControl.exe'. Write of address 05F50C08
2023-01-27 12:56:57.272; GET Exception! EAccessViolation: Access violation at address 00407116 in module 'RtcControl.exe'. Write of address 05F64C08
2023-01-27 12:56:57.366; GET Exception! EAccessViolation: Access violation at address 00407116 in module 'RtcControl.exe'. Write of address 05F55C08
2023-01-27 12:56:57.475; GET Exception! EAccessViolation: Access violation at address 00407116 in module 'RtcControl.exe'. Write of address 05F52008
2023-01-27 12:56:58.975; GET Exception! EAccessViolation: Access violation at address 00407116 in module 'RtcControl.exe'. Write of address 05EE2C08
2023-01-27 12:57:01.335; GET Exception! EAccessViolation: Access violation at address 00407116 in module 'RtcControl.exe'. Write of address 06054C08
2023-01-27 12:57:01.881; GET Exception! EAccessViolation: Access violation at address 00407116 in module 'RtcControl.exe'. Write of address 05F7A008
2023-01-27 12:57:02.116; GET Exception! EAccessViolation: Access violation at address 00407116 in module 'RtcControl.exe'. Write of address 05F76408
2023-01-27 12:57:02.178; GET Exception! EAccessViolation: Access violation at address 00407116 in module 'RtcControl.exe'. Write of address 05F58408
2023-01-27 12:57:04.132; GET Exception! EAccessViolation: Access violation at address 00407116 in module 'RtcControl.exe'. Write of address 05FF0C08
2023-01-27 12:57:05.851; GET Exception! EAccessViolation: Access violation at address 00407116 in module 'RtcControl.exe'. Write of address 05F63808
2023-01-27 12:57:06.554; GET Exception! EAccessViolation: Access violation at address 00407116 in module 'RtcControl.exe'. Write of address 05F52008
2023-01-27 12:57:06.991; GET Exception! EAccessViolation: Access violation at address 00407116 in module 'RtcControl.exe'. Write of address 05ED7808
2023-01-27 12:57:07.116; GET Exception! EAccessViolation: Access violation at address 00407116 in module 'RtcControl.exe'. Write of address 05ED1408
2023-01-27 12:57:20.457; GET Exception! EAccessViolation: Access violation at address 00407116 in module 'RtcControl.exe'. Write of address 06306370
2023-01-27 12:57:20.770; GET Exception! EAccessViolation: Access violation at address 00407116 in module 'RtcControl.exe'. Write of address 0632A760
2023-01-27 12:57:20.941; GET Exception! EAccessViolation: Access violation at address 00407116 in module 'RtcControl.exe'. Write of address 06336F40
2023-01-27 12:57:24.832; GET Exception! EAccessViolation: Access violation at address 00407116 in module 'RtcControl.exe'. Write of address 060EA5E8
2023-01-27 12:57:30.192; GET Exception! EAccessViolation: Access violation at address 00407116 in module 'RtcControl.exe'. Write of address 05FF7598
2023-01-27 12:57:31.114; GET Exception! EAccessViolation: Access violation at address 00407116 in module 'RtcControl.exe'. Write of address 05EEE478
2023-01-27 12:57:31.114; GET Exception! EAccessViolation: Access violation at address 00407116 in module 'RtcControl.exe'. Write of address 05EEF870
2023-01-27 12:57:31.224; GET Exception! EAccessViolation: Access violation at address 00407116 in module 'RtcControl.exe'. Write of address 05F10028
2023-01-27 12:57:31.224; GET Exception! EAccessViolation: Access violation at address 00407116 in module 'RtcControl.exe'. Write of address 060EA5E8
2023-01-27 12:57:31.349; GET Exception! EAccessViolation: Access violation at address 00407116 in module 'RtcControl.exe'. Write of address 060EA5E8
2023-01-27 12:57:34.599; GET Exception! EAccessViolation: Access violation at address 00407116 in module 'RtcControl.exe'. Write of address 05F68B50
2023-01-27 12:57:34.630; GET Exception! EAccessViolation: Access violation at address 00407116 in module 'RtcControl.exe'. Write of address 05F66350
2023-01-27 12:57:34.771; GET Exception! EAccessViolation: Access violation at address 00407116 in module 'RtcControl.exe'. Write of address 05F4FAE8
2023-01-27 12:57:34.943; GET Exception! EAccessViolation: Access violation at address 00407116 in module 'RtcControl.exe'. Write of address 06269610
2023-01-27 12:57:34.974; GET Exception! EAccessViolation: Access violation at address 00407116 in module 'RtcControl.exe'. Write of address 05F521F8
2023-01-27 12:57:37.005; GET Exception! EAccessViolation: Access violation at address 00407116 in module 'RtcControl.exe'. Write of address 05F39258
2023-01-27 12:57:37.036; GET Exception! EAccessViolation: Access violation at address 00407116 in module 'RtcControl.exe'. Write of address 05F3E228
2023-01-27 12:57:37.130; GET Exception! EAccessViolation: Access violation at address 00407116 in module 'RtcControl.exe'. Write of address 05F4D1D8
2023-01-27 12:57:37.162; GET Exception! EAccessViolation: Access violation at address 00407116 in module 'RtcControl.exe'. Write of address 05F4F9C8
2023-01-27 12:57:37.208; GET Exception! EAccessViolation: Access violation at address 00407116 in module 'RtcControl.exe'. Write of address 05F521B8
2023-01-27 12:57:37.443; GET Exception! EAccessViolation: Access violation at address 00407116 in module 'RtcControl.exe'. Write of address 06274988
2023-01-27 12:57:39.880; GET Exception! EAccessViolation: Access violation at address 00407116 in module 'RtcControl.exe'. Write of address 061AF008
2023-01-27 12:57:41.818; GET Exception! EAccessViolation: Access violation at address 00407116 in module 'RtcControl.exe'. Write of address 05FF5E68
2023-01-27 12:57:43.912; GET Exception! EAccessViolation: Access violation at address 00407116 in module 'RtcControl.exe'. Write of address 0632C7B8
2023-01-27 12:57:47.678; GET Exception! EAccessViolation: Access violation at address 00407116 in module 'RtcControl.exe'. Write of address 0602DAD0
2023-01-27 12:57:48.115; GET Exception! EAccessViolation: Access violation at address 00407116 in module 'RtcControl.exe'. Write of address 05FEBFA0
2023-01-27 12:57:48.225; GET Exception! EAccessViolation: Access violation at address 00407116 in module 'RtcControl.exe'. Write of address 05FE97B8
2023-01-27 12:57:48.569; GET Exception! EAccessViolation: Access violation at address 00407116 in module 'RtcControl.exe'. Write of address 06003100
2023-01-27 12:57:48.803; GET Exception! EAccessViolation: Access violation at address 00407116 in module 'RtcControl.exe'. Write of address 0600BDD0
2023-01-27 12:57:56.601; GET Exception! EAccessViolation: Access violation at address 00407116 in module 'RtcControl.exe'. Write of address 062EDDE8
2023-01-27 12:57:56.757; GET Exception! EAccessViolation: Access violation at address 00407116 in module 'RtcControl.exe'. Write of address 05FCB408
2023-01-27 12:57:56.819; GET Exception! EAccessViolation: Access violation at address 00407116 in module 'RtcControl.exe'. Write of address 05FBC408
2023-01-27 12:57:57.069; GET Exception! EAccessViolation: Access violation at address 00407116 in module 'RtcControl.exe'. Write of address 05FAD408
2023-01-27 13:06:10.913; GET Exception! EAccessViolation: Access violation at address 00407116 in module 'RtcControl.exe'. Write of address 07200808
2023-01-27 13:59:07.937; GET Exception! EAccessViolation: Access violation at address 00407116 in module 'RtcControl.exe'. Write of address 0695FF08
2023-01-27 14:03:29.402; GET Exception! EAccessViolation: Access violation at address 00407116 in module 'RtcControl.exe'. Write of address 06A0E9D0
2023-01-27 14:03:32.332; GET Exception! EAccessViolation: Access violation at address 00407116 in module 'RtcControl.exe'. Write of address 06A0E7E8
